<?xml version="1.0" encoding="UTF-8"?>
<testng-results skipped="0" failed="0" total="1" passed="1">
  <reporter-output>
  </reporter-output>
  <suite name="Default suite" duration-ms="60662" started-at="2016-10-01T18:00:55Z" finished-at="2016-10-01T18:01:55Z">
    <groups>
    </groups>
    <test name="Default test" duration-ms="60662" started-at="2016-10-01T18:00:55Z" finished-at="2016-10-01T18:01:55Z">
      <class name="regressionTestCases.Sample_TC001_GoogleTest">
        <test-method status="PASS" signature="CreateErrorRepFolder()[pri:0, instance:regressionTestCases.Sample_TC001_GoogleTest@6eebc39e]" name="CreateErrorRepFolder" is-config="true" duration-ms="117" started-at="2016-10-01T23:30:55Z" finished-at="2016-10-01T23:30:55Z">
          <reporter-output>
          </reporter-output>
        </test-method> <!-- CreateErrorRepFolder -->
        <test-method status="PASS" signature="setUp(java.lang.String)[pri:0, instance:regressionTestCases.Sample_TC001_GoogleTest@6eebc39e]" name="setUp" is-config="true" duration-ms="2543" started-at="2016-10-01T23:30:55Z" finished-at="2016-10-01T23:30:57Z">
          <params>
            <param index="0">
              <value>
                <![CDATA[firefox]]>
              </value>
            </param>
          </params>
          <reporter-output>
          </reporter-output>
        </test-method> <!-- setUp -->
        <test-method status="PASS" signature="TC001(java.lang.String, java.lang.String, java.lang.String)[pri:0, instance:regressionTestCases.Sample_TC001_GoogleTest@6eebc39e]" name="TC001" duration-ms="56810" started-at="2016-10-01T23:30:57Z" data-provider="testgetdata" finished-at="2016-10-01T23:31:54Z">
          <params>
            <param index="0">
              <value>
                <![CDATA[Google]]>
              </value>
            </param>
            <param index="1">
              <value>
                <![CDATA[Name]]>
              </value>
            </param>
            <param index="2">
              <value>
                <![CDATA[xpertfeed]]>
              </value>
            </param>
          </params>
          <reporter-output>
          </reporter-output>
        </test-method> <!-- TC001 -->
        <test-method status="PASS" signature="takeScreenShotOnFailure(org.testng.ITestResult)[pri:0, instance:regressionTestCases.Sample_TC001_GoogleTest@6eebc39e]" name="takeScreenShotOnFailure" is-config="true" duration-ms="1" started-at="2016-10-01T23:31:54Z" finished-at="2016-10-01T23:31:54Z">
          <params>
            <param index="0">
              <value>
                <![CDATA[[TestResult name=TC001 status=SUCCESS method=Sample_TC001_GoogleTest.TC001(java.lang.String, java.lang.String, java.lang.String)[pri:0, instance:regressionTestCases.Sample_TC001_GoogleTest@6eebc39e] output={null}]]]>
              </value>
            </param>
          </params>
          <reporter-output>
          </reporter-output>
        </test-method> <!-- takeScreenShotOnFailure -->
        <test-method status="PASS" signature="tearDownTheClass()[pri:0, instance:regressionTestCases.Sample_TC001_GoogleTest@6eebc39e]" name="tearDownTheClass" is-config="true" duration-ms="1120" started-at="2016-10-01T23:31:54Z" finished-at="2016-10-01T23:31:55Z">
          <reporter-output>
          </reporter-output>
        </test-method> <!-- tearDownTheClass -->
        <test-method status="PASS" signature="tearSuite()[pri:0, instance:regressionTestCases.Sample_TC001_GoogleTest@6eebc39e]" name="tearSuite" is-config="true" duration-ms="11" started-at="2016-10-01T23:31:55Z" finished-at="2016-10-01T23:31:55Z">
          <reporter-output>
          </reporter-output>
        </test-method> <!-- tearSuite -->
      </class> <!-- regressionTestCases.Sample_TC001_GoogleTest -->
    </test> <!-- Default test -->
  </suite> <!-- Default suite -->
</testng-results>
